Determining if the pthread_create exist failed with the following output:
Change Dir: /home/palash/thesis/thesisROS/panda_c++/src/cmake-build-debug/CMakeFiles/CMakeTmp

Run Build Command:"/usr/bin/make" "cmTC_796e4/fast"
/usr/bin/make -f CMakeFiles/cmTC_796e4.dir/build.make CMakeFiles/cmTC_796e4.dir/build
make[1]: Entering directory '/home/palash/thesis/thesisROS/panda_c++/src/cmake-build-debug/CMakeFiles/CMakeTmp'
Building C object CMakeFiles/cmTC_796e4.dir/CheckSymbolExists.c.o
/usr/bin/cc    -o CMakeFiles/cmTC_796e4.dir/CheckSymbolExists.c.o   -c /home/palash/thesis/thesisROS/panda_c++/src/cmake-build-debug/CMakeFiles/CMakeTmp/CheckSymbolExists.c
Linking C executable cmTC_796e4
/home/palash/Documents/clion-2018.3.4/bin/cmake/linux/bin/cmake -E cmake_link_script CMakeFiles/cmTC_796e4.dir/link.txt --verbose=1
/usr/bin/cc      -rdynamic CMakeFiles/cmTC_796e4.dir/CheckSymbolExists.c.o  -o cmTC_796e4 
CMakeFiles/cmTC_796e4.dir/CheckSymbolExists.c.o: In function `main':
CheckSymbolExists.c:(.text+0x16): undefined reference to `pthread_create'
collect2: error: ld returned 1 exit status
CMakeFiles/cmTC_796e4.dir/build.make:86: recipe for target 'cmTC_796e4' failed
make[1]: *** [cmTC_796e4] Error 1
make[1]: Leaving directory '/home/palash/thesis/thesisROS/panda_c++/src/cmake-build-debug/CMakeFiles/CMakeTmp'
Makefile:121: recipe for target 'cmTC_796e4/fast' failed
make: *** [cmTC_796e4/fast] Error 2

File /home/palash/thesis/thesisROS/panda_c++/src/cmake-build-debug/CMakeFiles/CMakeTmp/CheckSymbolExists.c:
/* */
#include <pthread.h>

int main(int argc, char** argv)
{
  (void)argv;
#ifndef pthread_create
  return ((int*)(&pthread_create))[argc];
#else
  (void)argc;
  return 0;
#endif
}

Determining if the function pthread_create exists in the pthreads failed with the following output:
Change Dir: /home/palash/thesis/thesisROS/panda_c++/src/cmake-build-debug/CMakeFiles/CMakeTmp

Run Build Command:"/usr/bin/make" "cmTC_83929/fast"
/usr/bin/make -f CMakeFiles/cmTC_83929.dir/build.make CMakeFiles/cmTC_83929.dir/build
make[1]: Entering directory '/home/palash/thesis/thesisROS/panda_c++/src/cmake-build-debug/CMakeFiles/CMakeTmp'
Building C object CMakeFiles/cmTC_83929.dir/CheckFunctionExists.c.o
/usr/bin/cc   -DCHECK_FUNCTION_EXISTS=pthread_create   -o CMakeFiles/cmTC_83929.dir/CheckFunctionExists.c.o   -c /home/palash/Documents/clion-2018.3.4/bin/cmake/linux/share/cmake-3.13/Modules/CheckFunctionExists.c
Linking C executable cmTC_83929
/home/palash/Documents/clion-2018.3.4/bin/cmake/linux/bin/cmake -E cmake_link_script CMakeFiles/cmTC_83929.dir/link.txt --verbose=1
/usr/bin/cc  -DCHECK_FUNCTION_EXISTS=pthread_create    -rdynamic CMakeFiles/cmTC_83929.dir/CheckFunctionExists.c.o  -o cmTC_83929 -lpthreads 
/usr/bin/ld: cannot find -lpthreads
collect2: error: ld returned 1 exit status
CMakeFiles/cmTC_83929.dir/build.make:86: recipe for target 'cmTC_83929' failed
make[1]: *** [cmTC_83929] Error 1
make[1]: Leaving directory '/home/palash/thesis/thesisROS/panda_c++/src/cmake-build-debug/CMakeFiles/CMakeTmp'
Makefile:121: recipe for target 'cmTC_83929/fast' failed
make: *** [cmTC_83929/fast] Error 2


